[debug] [2025-03-02T22:52:03.262Z] ----------------------------------------------------------------------
[debug] [2025-03-02T22:52:03.264Z] Command:       C:\Program Files\nodejs\node.exe C:\Users\Ricardo Santos\AppData\Roaming\npm\node_modules\firebase-tools\lib\bin\firebase.js init functions
[debug] [2025-03-02T22:52:03.264Z] CLI Version:   13.31.1
[debug] [2025-03-02T22:52:03.265Z] Platform:      win32
[debug] [2025-03-02T22:52:03.265Z] Node Version:  v22.14.0
[debug] [2025-03-02T22:52:03.265Z] Time:          Sun Mar 02 2025 22:52:03 GMT+0000 (Western European Standard Time)
[debug] [2025-03-02T22:52:03.265Z] ----------------------------------------------------------------------
[debug] 
[debug] [2025-03-02T22:52:03.424Z] > command requires scopes: ["email","openid","https://www.googleapis.com/auth/cloudplatformprojects.readonly","https://www.googleapis.com/auth/firebase","https://www.googleapis.com/auth/cloud-platform"]
[debug] [2025-03-02T22:52:03.424Z] > authorizing via signed-in user (derpwuant32@gmail.com)
[info] 
     ######## #### ########  ######## ########     ###     ######  ########
     ##        ##  ##     ## ##       ##     ##  ##   ##  ##       ##
     ######    ##  ########  ######   ########  #########  ######  ######
     ##        ##  ##    ##  ##       ##     ## ##     ##       ## ##
     ##       #### ##     ## ######## ########  ##     ##  ######  ########

You're about to initialize a Firebase project in this directory:

  D:\Daruma\Daruma-1\daruma

Before we get started, keep in mind:

  * You are initializing within an existing Firebase project directory

[info] 
=== Project Setup
[info] 
[info] First, let's associate this project directory with a Firebase project.
[info] You can create multiple project aliases by running firebase use --add, 
[info] but for now we'll just set up a default project.
[info] 
[debug] [2025-03-02T22:52:05.608Z] Using project from CLI flag: daruma-9eba4
[debug] [2025-03-02T22:52:05.609Z] Checked if tokens are valid: true, expires at: 1740959457301
[debug] [2025-03-02T22:52:05.609Z] Checked if tokens are valid: true, expires at: 1740959457301
[debug] [2025-03-02T22:52:05.610Z] >>> [apiv2][query] GET https://firebase.googleapis.com/v1beta1/projects/daruma-9eba4 [none]
[debug] [2025-03-02T22:52:05.937Z] <<< [apiv2][status] GET https://firebase.googleapis.com/v1beta1/projects/daruma-9eba4 200
[debug] [2025-03-02T22:52:05.938Z] <<< [apiv2][body] GET https://firebase.googleapis.com/v1beta1/projects/daruma-9eba4 {"projectId":"daruma-9eba4","projectNumber":"151641765948","displayName":"Daruma","name":"projects/daruma-9eba4","resources":{"hostingSite":"daruma-9eba4"},"state":"ACTIVE","etag":"1_38bba4d4-5dd6-40d0-81c8-a3bb932f9bd7"}
[info] i  Using project daruma-9eba4 (Daruma) 
[info] 
=== Functions Setup
[debug] [2025-03-02T22:52:05.949Z] > command requires scopes: ["email","openid","https://www.googleapis.com/auth/cloudplatformprojects.readonly","https://www.googleapis.com/auth/firebase","https://www.googleapis.com/auth/cloud-platform"]
[debug] [2025-03-02T22:52:05.949Z] > authorizing via signed-in user (derpwuant32@gmail.com)
[debug] [2025-03-02T22:52:05.949Z] [iam] checking project daruma-9eba4 for permissions ["firebase.projects.get"]
[debug] [2025-03-02T22:52:05.950Z] Checked if tokens are valid: true, expires at: 1740959457301
[debug] [2025-03-02T22:52:05.950Z] Checked if tokens are valid: true, expires at: 1740959457301
[debug] [2025-03-02T22:52:05.950Z] >>> [apiv2][query] POST https://cloudresourcemanager.googleapis.com/v1/projects/daruma-9eba4:testIamPermissions [none]
[debug] [2025-03-02T22:52:05.950Z] >>> [apiv2][(partial)header] POST https://cloudresourcemanager.googleapis.com/v1/projects/daruma-9eba4:testIamPermissions x-goog-quota-user=projects/daruma-9eba4
[debug] [2025-03-02T22:52:05.950Z] >>> [apiv2][body] POST https://cloudresourcemanager.googleapis.com/v1/projects/daruma-9eba4:testIamPermissions {"permissions":["firebase.projects.get"]}
[debug] [2025-03-02T22:52:06.610Z] <<< [apiv2][status] POST https://cloudresourcemanager.googleapis.com/v1/projects/daruma-9eba4:testIamPermissions 200
[debug] [2025-03-02T22:52:06.610Z] <<< [apiv2][body] POST https://cloudresourcemanager.googleapis.com/v1/projects/daruma-9eba4:testIamPermissions {"permissions":["firebase.projects.get"]}
[debug] [2025-03-02T22:52:06.610Z] Checked if tokens are valid: true, expires at: 1740959457301
[debug] [2025-03-02T22:52:06.610Z] Checked if tokens are valid: true, expires at: 1740959457301
[debug] [2025-03-02T22:52:06.611Z] Checked if tokens are valid: true, expires at: 1740959457301
[debug] [2025-03-02T22:52:06.611Z] Checked if tokens are valid: true, expires at: 1740959457301
[debug] [2025-03-02T22:52:06.611Z] >>> [apiv2][query] GET https://serviceusage.googleapis.com/v1/projects/daruma-9eba4/services/cloudfunctions.googleapis.com [none]
[debug] [2025-03-02T22:52:06.611Z] >>> [apiv2][(partial)header] GET https://serviceusage.googleapis.com/v1/projects/daruma-9eba4/services/cloudfunctions.googleapis.com x-goog-quota-user=projects/daruma-9eba4
[debug] [2025-03-02T22:52:06.612Z] >>> [apiv2][query] GET https://serviceusage.googleapis.com/v1/projects/daruma-9eba4/services/runtimeconfig.googleapis.com [none]
[debug] [2025-03-02T22:52:06.612Z] >>> [apiv2][(partial)header] GET https://serviceusage.googleapis.com/v1/projects/daruma-9eba4/services/runtimeconfig.googleapis.com x-goog-quota-user=projects/daruma-9eba4
[debug] [2025-03-02T22:52:07.443Z] <<< [apiv2][status] GET https://serviceusage.googleapis.com/v1/projects/daruma-9eba4/services/cloudfunctions.googleapis.com 200
[debug] [2025-03-02T22:52:07.444Z] <<< [apiv2][body] GET https://serviceusage.googleapis.com/v1/projects/daruma-9eba4/services/cloudfunctions.googleapis.com [omitted]
[debug] [2025-03-02T22:52:07.470Z] <<< [apiv2][status] GET https://serviceusage.googleapis.com/v1/projects/daruma-9eba4/services/runtimeconfig.googleapis.com 200
[debug] [2025-03-02T22:52:07.470Z] <<< [apiv2][body] GET https://serviceusage.googleapis.com/v1/projects/daruma-9eba4/services/runtimeconfig.googleapis.com [omitted]
[info] 
Detected existing codebase(s): default

[info] Let's create a new codebase for your functions.
[info] A directory corresponding to the codebase will be created in your project
[info] with sample code pre-configured.

[info] See https://firebase.google.com/docs/functions/organize-functions for
[info] more information on organizing your functions using codebases.

[info] Functions can be deployed with firebase deploy.

